<?xml version="1.0" encoding="UTF-8"?>
<!-- Generated by org.testng.reporters.JUnitReportReporter -->
<testsuite hostname="SEZLP258" failures="0" tests="3" name="main.ExecutionClass" time="38.556" errors="0" timestamp="2022-08-16T14:05:40 IST" skipped="0">
  <testcase classname="main.ExecutionClass" name="TS_SDIR_017" time="11.411"/>
  <system-out/>
  <testcase classname="main.ExecutionClass" name="TS_SDIR_005" time="8.674"/>
  <system-out/>
  <testcase classname="main.ExecutionClass" name="TC_SDIR_001" time="18.471"/>
  <system-out/>
</testsuite> <!-- main.ExecutionClass -->
