<?xml version="1.0" encoding="UTF-8"?>
<!-- Generated by org.testng.reporters.JUnitReportReporter -->
<testsuite hostname="SEZLP657" failures="0" tests="1" name="AppPages.HomPage" time="0.012" errors="0" timestamp="2022-07-14T10:28:36 IST" skipped="0">
  <testcase classname="AppPages.HomPage" name="test" time="0.012"/>
  <system-out/>
</testsuite> <!-- AppPages.HomPage -->
