<?xml version="1.0" encoding="UTF-8"?>
<!-- Generated by org.testng.reporters.JUnitReportReporter -->
<testsuite hostname="SEZLP657" failures="0" tests="1" name="resusable.BaseClass" time="0.035" errors="0" timestamp="2022-07-14T10:26:00 IST" skipped="0">
  <testcase classname="resusable.BaseClass" name="logger" time="0.035"/>
  <system-out/>
</testsuite> <!-- resusable.BaseClass -->
